[30-Nov-2022 22:45:00 Asia/Tokyo] PHP Warning:  Undefined variable $value2 in /work/public/parts_display.php on line 134
[30-Nov-2022 22:45:00 Asia/Tokyo] PHP Stack trace:
[30-Nov-2022 22:45:00 Asia/Tokyo] PHP   1. {main}() /work/public/parts_display.php:0
[30-Nov-2022 22:45:00 Asia/Tokyo] PHP Warning:  Undefined variable $value3 in /work/public/parts_display.php on line 135
[30-Nov-2022 22:45:00 Asia/Tokyo] PHP Stack trace:
[30-Nov-2022 22:45:00 Asia/Tokyo] PHP   1. {main}() /work/public/parts_display.php:0
[30-Nov-2022 22:45:00 Asia/Tokyo] PHP Warning:  Undefined variable $value4 in /work/public/parts_display.php on line 136
[30-Nov-2022 22:45:00 Asia/Tokyo] PHP Stack trace:
[30-Nov-2022 22:45:00 Asia/Tokyo] PHP   1. {main}() /work/public/parts_display.php:0
[30-Nov-2022 22:45:00 Asia/Tokyo] PHP Warning:  Undefined variable $value5 in /work/public/parts_display.php on line 137
[30-Nov-2022 22:45:00 Asia/Tokyo] PHP Stack trace:
[30-Nov-2022 22:45:00 Asia/Tokyo] PHP   1. {main}() /work/public/parts_display.php:0
[30-Nov-2022 22:45:00 Asia/Tokyo] PHP Warning:  Undefined variable $value6 in /work/public/parts_display.php on line 138
[30-Nov-2022 22:45:00 Asia/Tokyo] PHP Stack trace:
[30-Nov-2022 22:45:00 Asia/Tokyo] PHP   1. {main}() /work/public/parts_display.php:0
[30-Nov-2022 22:45:00 Asia/Tokyo] PHP Warning:  Undefined variable $value7 in /work/public/parts_display.php on line 139
[30-Nov-2022 22:45:00 Asia/Tokyo] PHP Stack trace:
[30-Nov-2022 22:45:00 Asia/Tokyo] PHP   1. {main}() /work/public/parts_display.php:0
[01-Dec-2022 20:15:03 Asia/Tokyo] PHP Warning:  Undefined array key 7 in /work/public/mypage.php on line 151
[01-Dec-2022 20:15:03 Asia/Tokyo] PHP Stack trace:
[01-Dec-2022 20:15:03 Asia/Tokyo] PHP   1. {main}() /work/public/mypage.php:0
[01-Dec-2022 20:15:03 Asia/Tokyo] PHP Warning:  foreach() argument must be of type array|object, null given in /work/public/mypage.php on line 153
[01-Dec-2022 20:15:03 Asia/Tokyo] PHP Stack trace:
[01-Dec-2022 20:15:03 Asia/Tokyo] PHP   1. {main}() /work/public/mypage.php:0
[01-Dec-2022 20:15:14 Asia/Tokyo] PHP Warning:  Undefined array key "login_user" in /work/app/config.php on line 17
[01-Dec-2022 20:15:14 Asia/Tokyo] PHP Stack trace:
[01-Dec-2022 20:15:14 Asia/Tokyo] PHP   1. {main}() /work/public/login_form.php:0
[01-Dec-2022 20:15:14 Asia/Tokyo] PHP   2. require_once() /work/public/login_form.php:3
[01-Dec-2022 20:15:14 Asia/Tokyo] PHP Warning:  Trying to access array offset on value of type null in /work/app/config.php on line 18
[01-Dec-2022 20:15:14 Asia/Tokyo] PHP Stack trace:
[01-Dec-2022 20:15:14 Asia/Tokyo] PHP   1. {main}() /work/public/login_form.php:0
[01-Dec-2022 20:15:14 Asia/Tokyo] PHP   2. require_once() /work/public/login_form.php:3
[01-Dec-2022 20:15:31 Asia/Tokyo] PHP Warning:  Undefined array key "login_user" in /work/app/config.php on line 17
[01-Dec-2022 20:15:31 Asia/Tokyo] PHP Stack trace:
[01-Dec-2022 20:15:31 Asia/Tokyo] PHP   1. {main}() /work/public/login.php:0
[01-Dec-2022 20:15:31 Asia/Tokyo] PHP   2. require_once() /work/public/login.php:2
[01-Dec-2022 20:15:31 Asia/Tokyo] PHP Warning:  Trying to access array offset on value of type null in /work/app/config.php on line 18
[01-Dec-2022 20:15:31 Asia/Tokyo] PHP Stack trace:
[01-Dec-2022 20:15:31 Asia/Tokyo] PHP   1. {main}() /work/public/login.php:0
[01-Dec-2022 20:15:31 Asia/Tokyo] PHP   2. require_once() /work/public/login.php:2
[01-Dec-2022 20:15:32 Asia/Tokyo] PHP Warning:  Undefined variable $admin in /work/public/mypage.php on line 42
[01-Dec-2022 20:15:32 Asia/Tokyo] PHP Stack trace:
[01-Dec-2022 20:15:32 Asia/Tokyo] PHP   1. {main}() /work/public/mypage.php:0
[01-Dec-2022 20:15:32 Asia/Tokyo] PHP Warning:  Undefined variable $admin in /work/public/mypage.php on line 107
[01-Dec-2022 20:15:32 Asia/Tokyo] PHP Stack trace:
[01-Dec-2022 20:15:32 Asia/Tokyo] PHP   1. {main}() /work/public/mypage.php:0
[01-Dec-2022 20:15:38 Asia/Tokyo] PHP Warning:  Undefined variable $admin in /work/public/mypage.php on line 42
[01-Dec-2022 20:15:38 Asia/Tokyo] PHP Stack trace:
[01-Dec-2022 20:15:38 Asia/Tokyo] PHP   1. {main}() /work/public/mypage.php:0
[01-Dec-2022 20:15:41 Asia/Tokyo] PHP Warning:  Undefined variable $admin in /work/public/parts_display.php on line 69
[01-Dec-2022 20:15:41 Asia/Tokyo] PHP Stack trace:
[01-Dec-2022 20:15:41 Asia/Tokyo] PHP   1. {main}() /work/public/parts_display.php:0
[01-Dec-2022 20:15:41 Asia/Tokyo] PHP Warning:  Undefined variable $value2 in /work/public/parts_display.php on line 128
[01-Dec-2022 20:15:41 Asia/Tokyo] PHP Stack trace:
[01-Dec-2022 20:15:41 Asia/Tokyo] PHP   1. {main}() /work/public/parts_display.php:0
[01-Dec-2022 20:15:41 Asia/Tokyo] PHP Warning:  Undefined variable $value3 in /work/public/parts_display.php on line 129
[01-Dec-2022 20:15:41 Asia/Tokyo] PHP Stack trace:
[01-Dec-2022 20:15:41 Asia/Tokyo] PHP   1. {main}() /work/public/parts_display.php:0
[01-Dec-2022 20:15:41 Asia/Tokyo] PHP Warning:  Undefined variable $value4 in /work/public/parts_display.php on line 130
[01-Dec-2022 20:15:41 Asia/Tokyo] PHP Stack trace:
[01-Dec-2022 20:15:41 Asia/Tokyo] PHP   1. {main}() /work/public/parts_display.php:0
[01-Dec-2022 20:15:41 Asia/Tokyo] PHP Warning:  Undefined variable $value5 in /work/public/parts_display.php on line 131
[01-Dec-2022 20:15:41 Asia/Tokyo] PHP Stack trace:
[01-Dec-2022 20:15:41 Asia/Tokyo] PHP   1. {main}() /work/public/parts_display.php:0
[01-Dec-2022 20:15:41 Asia/Tokyo] PHP Warning:  Undefined variable $value6 in /work/public/parts_display.php on line 132
[01-Dec-2022 20:15:41 Asia/Tokyo] PHP Stack trace:
[01-Dec-2022 20:15:41 Asia/Tokyo] PHP   1. {main}() /work/public/parts_display.php:0
[01-Dec-2022 20:15:41 Asia/Tokyo] PHP Warning:  Undefined variable $value7 in /work/public/parts_display.php on line 133
[01-Dec-2022 20:15:41 Asia/Tokyo] PHP Stack trace:
[01-Dec-2022 20:15:41 Asia/Tokyo] PHP   1. {main}() /work/public/parts_display.php:0
[01-Dec-2022 20:15:41 Asia/Tokyo] PHP Warning:  Undefined variable $admin in /work/public/parts_display.php on line 291
[01-Dec-2022 20:15:41 Asia/Tokyo] PHP Stack trace:
[01-Dec-2022 20:15:41 Asia/Tokyo] PHP   1. {main}() /work/public/parts_display.php:0
[01-Dec-2022 20:15:47 Asia/Tokyo] PHP Warning:  Undefined variable $admin in /work/public/parts_display.php on line 69
[01-Dec-2022 20:15:47 Asia/Tokyo] PHP Stack trace:
[01-Dec-2022 20:15:47 Asia/Tokyo] PHP   1. {main}() /work/public/parts_display.php:0
[01-Dec-2022 20:15:47 Asia/Tokyo] PHP Warning:  Undefined variable $value2 in /work/public/parts_display.php on line 128
[01-Dec-2022 20:15:47 Asia/Tokyo] PHP Stack trace:
[01-Dec-2022 20:15:47 Asia/Tokyo] PHP   1. {main}() /work/public/parts_display.php:0
[01-Dec-2022 20:15:47 Asia/Tokyo] PHP Warning:  Undefined variable $value3 in /work/public/parts_display.php on line 129
[01-Dec-2022 20:15:47 Asia/Tokyo] PHP Stack trace:
[01-Dec-2022 20:15:47 Asia/Tokyo] PHP   1. {main}() /work/public/parts_display.php:0
[01-Dec-2022 20:15:47 Asia/Tokyo] PHP Warning:  Undefined variable $value4 in /work/public/parts_display.php on line 130
[01-Dec-2022 20:15:47 Asia/Tokyo] PHP Stack trace:
[01-Dec-2022 20:15:47 Asia/Tokyo] PHP   1. {main}() /work/public/parts_display.php:0
[01-Dec-2022 20:15:47 Asia/Tokyo] PHP Warning:  Undefined variable $value5 in /work/public/parts_display.php on line 131
[01-Dec-2022 20:15:47 Asia/Tokyo] PHP Stack trace:
[01-Dec-2022 20:15:47 Asia/Tokyo] PHP   1. {main}() /work/public/parts_display.php:0
[01-Dec-2022 20:15:47 Asia/Tokyo] PHP Warning:  Undefined variable $value6 in /work/public/parts_display.php on line 132
[01-Dec-2022 20:15:47 Asia/Tokyo] PHP Stack trace:
[01-Dec-2022 20:15:47 Asia/Tokyo] PHP   1. {main}() /work/public/parts_display.php:0
[01-Dec-2022 20:15:47 Asia/Tokyo] PHP Warning:  Undefined variable $value7 in /work/public/parts_display.php on line 133
[01-Dec-2022 20:15:47 Asia/Tokyo] PHP Stack trace:
[01-Dec-2022 20:15:47 Asia/Tokyo] PHP   1. {main}() /work/public/parts_display.php:0
[01-Dec-2022 20:15:47 Asia/Tokyo] PHP Warning:  Undefined variable $admin in /work/public/parts_display.php on line 291
[01-Dec-2022 20:15:47 Asia/Tokyo] PHP Stack trace:
[01-Dec-2022 20:15:47 Asia/Tokyo] PHP   1. {main}() /work/public/parts_display.php:0
[01-Dec-2022 20:15:52 Asia/Tokyo] PHP Warning:  Undefined variable $admin in /work/public/mypage.php on line 42
[01-Dec-2022 20:15:52 Asia/Tokyo] PHP Stack trace:
[01-Dec-2022 20:15:52 Asia/Tokyo] PHP   1. {main}() /work/public/mypage.php:0
[01-Dec-2022 20:15:52 Asia/Tokyo] PHP Warning:  Undefined variable $admin in /work/public/mypage.php on line 107
[01-Dec-2022 20:15:52 Asia/Tokyo] PHP Stack trace:
[01-Dec-2022 20:15:52 Asia/Tokyo] PHP   1. {main}() /work/public/mypage.php:0
[01-Dec-2022 20:15:59 Asia/Tokyo] PHP Warning:  Undefined variable $admin in /work/public/mypage.php on line 42
[01-Dec-2022 20:15:59 Asia/Tokyo] PHP Stack trace:
[01-Dec-2022 20:15:59 Asia/Tokyo] PHP   1. {main}() /work/public/mypage.php:0
[01-Dec-2022 20:15:59 Asia/Tokyo] PHP Warning:  Undefined variable $admin in /work/public/mypage.php on line 107
[01-Dec-2022 20:15:59 Asia/Tokyo] PHP Stack trace:
[01-Dec-2022 20:15:59 Asia/Tokyo] PHP   1. {main}() /work/public/mypage.php:0
[01-Dec-2022 20:16:02 Asia/Tokyo] PHP Warning:  Undefined array key "login_user" in /work/app/config.php on line 17
[01-Dec-2022 20:16:02 Asia/Tokyo] PHP Stack trace:
[01-Dec-2022 20:16:02 Asia/Tokyo] PHP   1. {main}() /work/public/login_form.php:0
[01-Dec-2022 20:16:02 Asia/Tokyo] PHP   2. require_once() /work/public/login_form.php:3
[01-Dec-2022 20:16:02 Asia/Tokyo] PHP Warning:  Trying to access array offset on value of type null in /work/app/config.php on line 18
[01-Dec-2022 20:16:02 Asia/Tokyo] PHP Stack trace:
[01-Dec-2022 20:16:02 Asia/Tokyo] PHP   1. {main}() /work/public/login_form.php:0
[01-Dec-2022 20:16:02 Asia/Tokyo] PHP   2. require_once() /work/public/login_form.php:3
[01-Dec-2022 20:16:08 Asia/Tokyo] PHP Warning:  Undefined array key "login_user" in /work/app/config.php on line 17
[01-Dec-2022 20:16:08 Asia/Tokyo] PHP Stack trace:
[01-Dec-2022 20:16:08 Asia/Tokyo] PHP   1. {main}() /work/public/login.php:0
[01-Dec-2022 20:16:08 Asia/Tokyo] PHP   2. require_once() /work/public/login.php:2
[01-Dec-2022 20:16:08 Asia/Tokyo] PHP Warning:  Trying to access array offset on value of type null in /work/app/config.php on line 18
[01-Dec-2022 20:16:08 Asia/Tokyo] PHP Stack trace:
[01-Dec-2022 20:16:08 Asia/Tokyo] PHP   1. {main}() /work/public/login.php:0
[01-Dec-2022 20:16:08 Asia/Tokyo] PHP   2. require_once() /work/public/login.php:2
[01-Dec-2022 20:16:17 Asia/Tokyo] PHP Warning:  Undefined variable $value2 in /work/public/parts_display.php on line 128
[01-Dec-2022 20:16:17 Asia/Tokyo] PHP Stack trace:
[01-Dec-2022 20:16:17 Asia/Tokyo] PHP   1. {main}() /work/public/parts_display.php:0
[01-Dec-2022 20:16:17 Asia/Tokyo] PHP Warning:  Undefined variable $value3 in /work/public/parts_display.php on line 129
[01-Dec-2022 20:16:17 Asia/Tokyo] PHP Stack trace:
[01-Dec-2022 20:16:17 Asia/Tokyo] PHP   1. {main}() /work/public/parts_display.php:0
[01-Dec-2022 20:16:17 Asia/Tokyo] PHP Warning:  Undefined variable $value4 in /work/public/parts_display.php on line 130
[01-Dec-2022 20:16:17 Asia/Tokyo] PHP Stack trace:
[01-Dec-2022 20:16:17 Asia/Tokyo] PHP   1. {main}() /work/public/parts_display.php:0
[01-Dec-2022 20:16:17 Asia/Tokyo] PHP Warning:  Undefined variable $value5 in /work/public/parts_display.php on line 131
[01-Dec-2022 20:16:17 Asia/Tokyo] PHP Stack trace:
[01-Dec-2022 20:16:17 Asia/Tokyo] PHP   1. {main}() /work/public/parts_display.php:0
[01-Dec-2022 20:16:17 Asia/Tokyo] PHP Warning:  Undefined variable $value6 in /work/public/parts_display.php on line 132
[01-Dec-2022 20:16:17 Asia/Tokyo] PHP Stack trace:
[01-Dec-2022 20:16:17 Asia/Tokyo] PHP   1. {main}() /work/public/parts_display.php:0
[01-Dec-2022 20:16:17 Asia/Tokyo] PHP Warning:  Undefined variable $value7 in /work/public/parts_display.php on line 133
[01-Dec-2022 20:16:17 Asia/Tokyo] PHP Stack trace:
[01-Dec-2022 20:16:17 Asia/Tokyo] PHP   1. {main}() /work/public/parts_display.php:0
[01-Dec-2022 20:16:31 Asia/Tokyo] PHP Warning:  Undefined variable $value2 in /work/public/parts_display.php on line 128
[01-Dec-2022 20:16:31 Asia/Tokyo] PHP Stack trace:
[01-Dec-2022 20:16:31 Asia/Tokyo] PHP   1. {main}() /work/public/parts_display.php:0
[01-Dec-2022 20:16:31 Asia/Tokyo] PHP Warning:  Undefined variable $value3 in /work/public/parts_display.php on line 129
[01-Dec-2022 20:16:31 Asia/Tokyo] PHP Stack trace:
[01-Dec-2022 20:16:31 Asia/Tokyo] PHP   1. {main}() /work/public/parts_display.php:0
[01-Dec-2022 20:16:31 Asia/Tokyo] PHP Warning:  Undefined variable $value4 in /work/public/parts_display.php on line 130
[01-Dec-2022 20:16:31 Asia/Tokyo] PHP Stack trace:
[01-Dec-2022 20:16:31 Asia/Tokyo] PHP   1. {main}() /work/public/parts_display.php:0
[01-Dec-2022 20:16:31 Asia/Tokyo] PHP Warning:  Undefined variable $value5 in /work/public/parts_display.php on line 131
[01-Dec-2022 20:16:31 Asia/Tokyo] PHP Stack trace:
[01-Dec-2022 20:16:31 Asia/Tokyo] PHP   1. {main}() /work/public/parts_display.php:0
[01-Dec-2022 20:16:31 Asia/Tokyo] PHP Warning:  Undefined variable $value6 in /work/public/parts_display.php on line 132
[01-Dec-2022 20:16:31 Asia/Tokyo] PHP Stack trace:
[01-Dec-2022 20:16:31 Asia/Tokyo] PHP   1. {main}() /work/public/parts_display.php:0
[01-Dec-2022 20:16:31 Asia/Tokyo] PHP Warning:  Undefined variable $value7 in /work/public/parts_display.php on line 133
[01-Dec-2022 20:16:31 Asia/Tokyo] PHP Stack trace:
[01-Dec-2022 20:16:31 Asia/Tokyo] PHP   1. {main}() /work/public/parts_display.php:0
[01-Dec-2022 20:16:41 Asia/Tokyo] PHP Warning:  Undefined array key 7 in /work/public/mypage.php on line 151
[01-Dec-2022 20:16:41 Asia/Tokyo] PHP Stack trace:
[01-Dec-2022 20:16:41 Asia/Tokyo] PHP   1. {main}() /work/public/mypage.php:0
[01-Dec-2022 20:16:41 Asia/Tokyo] PHP Warning:  foreach() argument must be of type array|object, null given in /work/public/mypage.php on line 153
[01-Dec-2022 20:16:41 Asia/Tokyo] PHP Stack trace:
[01-Dec-2022 20:16:41 Asia/Tokyo] PHP   1. {main}() /work/public/mypage.php:0
[01-Dec-2022 20:16:47 Asia/Tokyo] PHP Warning:  Undefined array key 13 in /work/public/mypage.php on line 151
[01-Dec-2022 20:16:47 Asia/Tokyo] PHP Stack trace:
[01-Dec-2022 20:16:47 Asia/Tokyo] PHP   1. {main}() /work/public/mypage.php:0
[01-Dec-2022 20:16:47 Asia/Tokyo] PHP Warning:  foreach() argument must be of type array|object, null given in /work/public/mypage.php on line 153
[01-Dec-2022 20:16:47 Asia/Tokyo] PHP Stack trace:
[01-Dec-2022 20:16:47 Asia/Tokyo] PHP   1. {main}() /work/public/mypage.php:0
[01-Dec-2022 20:16:54 Asia/Tokyo] PHP Warning:  Undefined array key 10 in /work/public/mypage.php on line 151
[01-Dec-2022 20:16:54 Asia/Tokyo] PHP Stack trace:
[01-Dec-2022 20:16:54 Asia/Tokyo] PHP   1. {main}() /work/public/mypage.php:0
[01-Dec-2022 20:16:54 Asia/Tokyo] PHP Warning:  foreach() argument must be of type array|object, null given in /work/public/mypage.php on line 153
[01-Dec-2022 20:16:54 Asia/Tokyo] PHP Stack trace:
[01-Dec-2022 20:16:54 Asia/Tokyo] PHP   1. {main}() /work/public/mypage.php:0
[01-Dec-2022 20:17:06 Asia/Tokyo] PHP Warning:  Undefined array key "login_user" in /work/app/config.php on line 17
[01-Dec-2022 20:17:06 Asia/Tokyo] PHP Stack trace:
[01-Dec-2022 20:17:06 Asia/Tokyo] PHP   1. {main}() /work/public/signup_form.php:0
[01-Dec-2022 20:17:06 Asia/Tokyo] PHP   2. require_once() /work/public/signup_form.php:2
[01-Dec-2022 20:17:07 Asia/Tokyo] PHP Warning:  Trying to access array offset on value of type null in /work/app/config.php on line 18
[01-Dec-2022 20:17:07 Asia/Tokyo] PHP Stack trace:
[01-Dec-2022 20:17:07 Asia/Tokyo] PHP   1. {main}() /work/public/signup_form.php:0
[01-Dec-2022 20:17:07 Asia/Tokyo] PHP   2. require_once() /work/public/signup_form.php:2
[01-Dec-2022 22:07:38 Asia/Tokyo] PHP Warning:  Undefined array key "login_user" in /work/app/config.php on line 17
[01-Dec-2022 22:07:38 Asia/Tokyo] PHP Stack trace:
[01-Dec-2022 22:07:38 Asia/Tokyo] PHP   1. {main}() /work/public/login_form.php:0
[01-Dec-2022 22:07:38 Asia/Tokyo] PHP   2. require_once() /work/public/login_form.php:3
[01-Dec-2022 22:07:38 Asia/Tokyo] PHP Warning:  Trying to access array offset on value of type null in /work/app/config.php on line 18
[01-Dec-2022 22:07:38 Asia/Tokyo] PHP Stack trace:
[01-Dec-2022 22:07:38 Asia/Tokyo] PHP   1. {main}() /work/public/login_form.php:0
[01-Dec-2022 22:07:38 Asia/Tokyo] PHP   2. require_once() /work/public/login_form.php:3
[01-Dec-2022 22:07:44 Asia/Tokyo] PHP Warning:  Undefined array key "login_user" in /work/app/config.php on line 17
[01-Dec-2022 22:07:44 Asia/Tokyo] PHP Stack trace:
[01-Dec-2022 22:07:44 Asia/Tokyo] PHP   1. {main}() /work/public/login.php:0
[01-Dec-2022 22:07:44 Asia/Tokyo] PHP   2. require_once() /work/public/login.php:2
[01-Dec-2022 22:07:44 Asia/Tokyo] PHP Warning:  Trying to access array offset on value of type null in /work/app/config.php on line 18
[01-Dec-2022 22:07:44 Asia/Tokyo] PHP Stack trace:
[01-Dec-2022 22:07:44 Asia/Tokyo] PHP   1. {main}() /work/public/login.php:0
[01-Dec-2022 22:07:44 Asia/Tokyo] PHP   2. require_once() /work/public/login.php:2
[01-Dec-2022 22:11:33 Asia/Tokyo] PHP Warning:  Undefined variable $value2 in /work/public/parts_display.php on line 128
[01-Dec-2022 22:11:33 Asia/Tokyo] PHP Stack trace:
[01-Dec-2022 22:11:33 Asia/Tokyo] PHP   1. {main}() /work/public/parts_display.php:0
[01-Dec-2022 22:11:33 Asia/Tokyo] PHP Warning:  Undefined variable $value3 in /work/public/parts_display.php on line 129
[01-Dec-2022 22:11:33 Asia/Tokyo] PHP Stack trace:
[01-Dec-2022 22:11:33 Asia/Tokyo] PHP   1. {main}() /work/public/parts_display.php:0
[01-Dec-2022 22:11:33 Asia/Tokyo] PHP Warning:  Undefined variable $value4 in /work/public/parts_display.php on line 130
[01-Dec-2022 22:11:33 Asia/Tokyo] PHP Stack trace:
[01-Dec-2022 22:11:33 Asia/Tokyo] PHP   1. {main}() /work/public/parts_display.php:0
[01-Dec-2022 22:11:33 Asia/Tokyo] PHP Warning:  Undefined variable $value5 in /work/public/parts_display.php on line 131
[01-Dec-2022 22:11:33 Asia/Tokyo] PHP Stack trace:
[01-Dec-2022 22:11:33 Asia/Tokyo] PHP   1. {main}() /work/public/parts_display.php:0
[01-Dec-2022 22:11:33 Asia/Tokyo] PHP Warning:  Undefined variable $value6 in /work/public/parts_display.php on line 132
[01-Dec-2022 22:11:33 Asia/Tokyo] PHP Stack trace:
[01-Dec-2022 22:11:33 Asia/Tokyo] PHP   1. {main}() /work/public/parts_display.php:0
[01-Dec-2022 22:11:33 Asia/Tokyo] PHP Warning:  Undefined variable $value7 in /work/public/parts_display.php on line 133
[01-Dec-2022 22:11:33 Asia/Tokyo] PHP Stack trace:
[01-Dec-2022 22:11:33 Asia/Tokyo] PHP   1. {main}() /work/public/parts_display.php:0
[01-Dec-2022 22:13:44 Asia/Tokyo] PHP Warning:  Undefined array key 7 in /work/public/mypage.php on line 151
[01-Dec-2022 22:13:44 Asia/Tokyo] PHP Stack trace:
[01-Dec-2022 22:13:44 Asia/Tokyo] PHP   1. {main}() /work/public/mypage.php:0
[01-Dec-2022 22:13:44 Asia/Tokyo] PHP Warning:  foreach() argument must be of type array|object, null given in /work/public/mypage.php on line 153
[01-Dec-2022 22:13:44 Asia/Tokyo] PHP Stack trace:
[01-Dec-2022 22:13:44 Asia/Tokyo] PHP   1. {main}() /work/public/mypage.php:0
[01-Dec-2022 22:15:31 Asia/Tokyo] PHP Warning:  Undefined array key 7 in /work/public/mypage.php on line 151
[01-Dec-2022 22:15:31 Asia/Tokyo] PHP Stack trace:
[01-Dec-2022 22:15:31 Asia/Tokyo] PHP   1. {main}() /work/public/mypage.php:0
[01-Dec-2022 22:15:31 Asia/Tokyo] PHP Warning:  foreach() argument must be of type array|object, null given in /work/public/mypage.php on line 153
[01-Dec-2022 22:15:31 Asia/Tokyo] PHP Stack trace:
[01-Dec-2022 22:15:31 Asia/Tokyo] PHP   1. {main}() /work/public/mypage.php:0
[01-Dec-2022 22:19:46 Asia/Tokyo] PHP Warning:  Undefined array key 7 in /work/public/mypage.php on line 153
[01-Dec-2022 22:19:46 Asia/Tokyo] PHP Stack trace:
[01-Dec-2022 22:19:46 Asia/Tokyo] PHP   1. {main}() /work/public/mypage.php:0
[01-Dec-2022 22:19:46 Asia/Tokyo] PHP Warning:  foreach() argument must be of type array|object, null given in /work/public/mypage.php on line 155
[01-Dec-2022 22:19:46 Asia/Tokyo] PHP Stack trace:
[01-Dec-2022 22:19:46 Asia/Tokyo] PHP   1. {main}() /work/public/mypage.php:0
[01-Dec-2022 22:23:25 Asia/Tokyo] PHP Warning:  Undefined array key 7 in /work/public/mypage.php on line 154
[01-Dec-2022 22:23:25 Asia/Tokyo] PHP Stack trace:
[01-Dec-2022 22:23:25 Asia/Tokyo] PHP   1. {main}() /work/public/mypage.php:0
[01-Dec-2022 22:23:25 Asia/Tokyo] PHP Warning:  foreach() argument must be of type array|object, null given in /work/public/mypage.php on line 156
[01-Dec-2022 22:23:25 Asia/Tokyo] PHP Stack trace:
[01-Dec-2022 22:23:25 Asia/Tokyo] PHP   1. {main}() /work/public/mypage.php:0
[01-Dec-2022 22:23:58 Asia/Tokyo] PHP Warning:  Undefined array key 7 in /work/public/mypage.php on line 154
[01-Dec-2022 22:23:58 Asia/Tokyo] PHP Stack trace:
[01-Dec-2022 22:23:58 Asia/Tokyo] PHP   1. {main}() /work/public/mypage.php:0
[01-Dec-2022 22:23:58 Asia/Tokyo] PHP Warning:  foreach() argument must be of type array|object, null given in /work/public/mypage.php on line 156
[01-Dec-2022 22:23:58 Asia/Tokyo] PHP Stack trace:
[01-Dec-2022 22:23:58 Asia/Tokyo] PHP   1. {main}() /work/public/mypage.php:0
[01-Dec-2022 22:24:05 Asia/Tokyo] PHP Warning:  Undefined array key 7 in /work/public/mypage.php on line 154
[01-Dec-2022 22:24:05 Asia/Tokyo] PHP Stack trace:
[01-Dec-2022 22:24:05 Asia/Tokyo] PHP   1. {main}() /work/public/mypage.php:0
[01-Dec-2022 22:24:05 Asia/Tokyo] PHP Warning:  foreach() argument must be of type array|object, null given in /work/public/mypage.php on line 156
[01-Dec-2022 22:24:05 Asia/Tokyo] PHP Stack trace:
[01-Dec-2022 22:24:05 Asia/Tokyo] PHP   1. {main}() /work/public/mypage.php:0
[01-Dec-2022 22:34:30 Asia/Tokyo] PHP Warning:  Undefined array key 7 in /work/public/mypage.php on line 153
[01-Dec-2022 22:34:30 Asia/Tokyo] PHP Stack trace:
[01-Dec-2022 22:34:30 Asia/Tokyo] PHP   1. {main}() /work/public/mypage.php:0
[01-Dec-2022 22:34:30 Asia/Tokyo] PHP Warning:  foreach() argument must be of type array|object, null given in /work/public/mypage.php on line 155
[01-Dec-2022 22:34:30 Asia/Tokyo] PHP Stack trace:
[01-Dec-2022 22:34:30 Asia/Tokyo] PHP   1. {main}() /work/public/mypage.php:0
[01-Dec-2022 22:34:40 Asia/Tokyo] PHP Warning:  Undefined array key 7 in /work/public/mypage.php on line 153
[01-Dec-2022 22:34:40 Asia/Tokyo] PHP Stack trace:
[01-Dec-2022 22:34:40 Asia/Tokyo] PHP   1. {main}() /work/public/mypage.php:0
[01-Dec-2022 22:34:40 Asia/Tokyo] PHP Warning:  foreach() argument must be of type array|object, null given in /work/public/mypage.php on line 155
[01-Dec-2022 22:34:40 Asia/Tokyo] PHP Stack trace:
[01-Dec-2022 22:34:40 Asia/Tokyo] PHP   1. {main}() /work/public/mypage.php:0
[01-Dec-2022 22:34:50 Asia/Tokyo] PHP Warning:  Undefined array key 7 in /work/public/mypage.php on line 153
[01-Dec-2022 22:34:50 Asia/Tokyo] PHP Stack trace:
[01-Dec-2022 22:34:50 Asia/Tokyo] PHP   1. {main}() /work/public/mypage.php:0
[01-Dec-2022 22:34:50 Asia/Tokyo] PHP Warning:  foreach() argument must be of type array|object, null given in /work/public/mypage.php on line 155
[01-Dec-2022 22:34:50 Asia/Tokyo] PHP Stack trace:
[01-Dec-2022 22:34:50 Asia/Tokyo] PHP   1. {main}() /work/public/mypage.php:0
[01-Dec-2022 22:34:56 Asia/Tokyo] PHP Warning:  Undefined array key 7 in /work/public/mypage.php on line 153
[01-Dec-2022 22:34:56 Asia/Tokyo] PHP Stack trace:
[01-Dec-2022 22:34:56 Asia/Tokyo] PHP   1. {main}() /work/public/mypage.php:0
[01-Dec-2022 22:34:56 Asia/Tokyo] PHP Warning:  foreach() argument must be of type array|object, null given in /work/public/mypage.php on line 155
[01-Dec-2022 22:34:56 Asia/Tokyo] PHP Stack trace:
[01-Dec-2022 22:34:56 Asia/Tokyo] PHP   1. {main}() /work/public/mypage.php:0
[01-Dec-2022 22:35:25 Asia/Tokyo] PHP Warning:  Undefined array key 7 in /work/public/mypage.php on line 153
[01-Dec-2022 22:35:25 Asia/Tokyo] PHP Stack trace:
[01-Dec-2022 22:35:25 Asia/Tokyo] PHP   1. {main}() /work/public/mypage.php:0
[01-Dec-2022 22:35:25 Asia/Tokyo] PHP Warning:  foreach() argument must be of type array|object, null given in /work/public/mypage.php on line 155
[01-Dec-2022 22:35:25 Asia/Tokyo] PHP Stack trace:
[01-Dec-2022 22:35:25 Asia/Tokyo] PHP   1. {main}() /work/public/mypage.php:0
[01-Dec-2022 22:35:32 Asia/Tokyo] PHP Warning:  Undefined array key 7 in /work/public/mypage.php on line 153
[01-Dec-2022 22:35:32 Asia/Tokyo] PHP Stack trace:
[01-Dec-2022 22:35:32 Asia/Tokyo] PHP   1. {main}() /work/public/mypage.php:0
[01-Dec-2022 22:35:32 Asia/Tokyo] PHP Warning:  foreach() argument must be of type array|object, null given in /work/public/mypage.php on line 155
[01-Dec-2022 22:35:32 Asia/Tokyo] PHP Stack trace:
[01-Dec-2022 22:35:32 Asia/Tokyo] PHP   1. {main}() /work/public/mypage.php:0
[01-Dec-2022 22:35:43 Asia/Tokyo] PHP Warning:  Undefined array key 7 in /work/public/mypage.php on line 153
[01-Dec-2022 22:35:43 Asia/Tokyo] PHP Stack trace:
[01-Dec-2022 22:35:43 Asia/Tokyo] PHP   1. {main}() /work/public/mypage.php:0
[01-Dec-2022 22:35:43 Asia/Tokyo] PHP Warning:  foreach() argument must be of type array|object, null given in /work/public/mypage.php on line 155
[01-Dec-2022 22:35:43 Asia/Tokyo] PHP Stack trace:
[01-Dec-2022 22:35:43 Asia/Tokyo] PHP   1. {main}() /work/public/mypage.php:0
[01-Dec-2022 22:37:18 Asia/Tokyo] PHP Warning:  Undefined array key 7 in /work/public/mypage.php on line 153
[01-Dec-2022 22:37:18 Asia/Tokyo] PHP Stack trace:
[01-Dec-2022 22:37:18 Asia/Tokyo] PHP   1. {main}() /work/public/mypage.php:0
[01-Dec-2022 22:37:18 Asia/Tokyo] PHP Warning:  foreach() argument must be of type array|object, null given in /work/public/mypage.php on line 155
[01-Dec-2022 22:37:18 Asia/Tokyo] PHP Stack trace:
[01-Dec-2022 22:37:18 Asia/Tokyo] PHP   1. {main}() /work/public/mypage.php:0
[01-Dec-2022 22:37:28 Asia/Tokyo] PHP Warning:  Undefined array key 7 in /work/public/mypage.php on line 153
[01-Dec-2022 22:37:28 Asia/Tokyo] PHP Stack trace:
[01-Dec-2022 22:37:28 Asia/Tokyo] PHP   1. {main}() /work/public/mypage.php:0
[01-Dec-2022 22:37:28 Asia/Tokyo] PHP Warning:  foreach() argument must be of type array|object, null given in /work/public/mypage.php on line 155
[01-Dec-2022 22:37:28 Asia/Tokyo] PHP Stack trace:
[01-Dec-2022 22:37:28 Asia/Tokyo] PHP   1. {main}() /work/public/mypage.php:0
[01-Dec-2022 22:37:46 Asia/Tokyo] PHP Warning:  Undefined array key 7 in /work/public/mypage.php on line 153
[01-Dec-2022 22:37:46 Asia/Tokyo] PHP Stack trace:
[01-Dec-2022 22:37:46 Asia/Tokyo] PHP   1. {main}() /work/public/mypage.php:0
[01-Dec-2022 22:37:46 Asia/Tokyo] PHP Warning:  foreach() argument must be of type array|object, null given in /work/public/mypage.php on line 155
[01-Dec-2022 22:37:46 Asia/Tokyo] PHP Stack trace:
[01-Dec-2022 22:37:46 Asia/Tokyo] PHP   1. {main}() /work/public/mypage.php:0
[01-Dec-2022 22:37:48 Asia/Tokyo] PHP Warning:  Undefined array key 13 in /work/public/mypage.php on line 153
[01-Dec-2022 22:37:48 Asia/Tokyo] PHP Stack trace:
[01-Dec-2022 22:37:48 Asia/Tokyo] PHP   1. {main}() /work/public/mypage.php:0
[01-Dec-2022 22:37:48 Asia/Tokyo] PHP Warning:  foreach() argument must be of type array|object, null given in /work/public/mypage.php on line 155
[01-Dec-2022 22:37:48 Asia/Tokyo] PHP Stack trace:
[01-Dec-2022 22:37:48 Asia/Tokyo] PHP   1. {main}() /work/public/mypage.php:0
[01-Dec-2022 22:39:24 Asia/Tokyo] PHP Warning:  Undefined array key 13 in /work/public/mypage.php on line 153
[01-Dec-2022 22:39:24 Asia/Tokyo] PHP Stack trace:
[01-Dec-2022 22:39:24 Asia/Tokyo] PHP   1. {main}() /work/public/mypage.php:0
[01-Dec-2022 22:39:24 Asia/Tokyo] PHP Warning:  foreach() argument must be of type array|object, null given in /work/public/mypage.php on line 155
[01-Dec-2022 22:39:24 Asia/Tokyo] PHP Stack trace:
[01-Dec-2022 22:39:24 Asia/Tokyo] PHP   1. {main}() /work/public/mypage.php:0
[01-Dec-2022 22:50:35 Asia/Tokyo] PHP Warning:  Undefined array key 13 in /work/public/mypage.php on line 153
[01-Dec-2022 22:50:35 Asia/Tokyo] PHP Stack trace:
[01-Dec-2022 22:50:35 Asia/Tokyo] PHP   1. {main}() /work/public/mypage.php:0
[01-Dec-2022 22:50:35 Asia/Tokyo] PHP Warning:  foreach() argument must be of type array|object, null given in /work/public/mypage.php on line 155
[01-Dec-2022 22:50:35 Asia/Tokyo] PHP Stack trace:
[01-Dec-2022 22:50:35 Asia/Tokyo] PHP   1. {main}() /work/public/mypage.php:0
[01-Dec-2022 22:50:51 Asia/Tokyo] PHP Warning:  Undefined array key 13 in /work/public/mypage.php on line 153
[01-Dec-2022 22:50:51 Asia/Tokyo] PHP Stack trace:
[01-Dec-2022 22:50:51 Asia/Tokyo] PHP   1. {main}() /work/public/mypage.php:0
[01-Dec-2022 22:50:51 Asia/Tokyo] PHP Warning:  foreach() argument must be of type array|object, null given in /work/public/mypage.php on line 155
[01-Dec-2022 22:50:51 Asia/Tokyo] PHP Stack trace:
[01-Dec-2022 22:50:51 Asia/Tokyo] PHP   1. {main}() /work/public/mypage.php:0
[01-Dec-2022 23:09:34 Asia/Tokyo] PHP Warning:  Undefined array key 13 in /work/public/mypage.php on line 153
[01-Dec-2022 23:09:34 Asia/Tokyo] PHP Stack trace:
[01-Dec-2022 23:09:34 Asia/Tokyo] PHP   1. {main}() /work/public/mypage.php:0
[01-Dec-2022 23:09:34 Asia/Tokyo] PHP Warning:  foreach() argument must be of type array|object, null given in /work/public/mypage.php on line 155
[01-Dec-2022 23:09:34 Asia/Tokyo] PHP Stack trace:
[01-Dec-2022 23:09:34 Asia/Tokyo] PHP   1. {main}() /work/public/mypage.php:0
[01-Dec-2022 23:09:44 Asia/Tokyo] PHP Warning:  Undefined array key 13 in /work/public/mypage.php on line 153
[01-Dec-2022 23:09:44 Asia/Tokyo] PHP Stack trace:
[01-Dec-2022 23:09:44 Asia/Tokyo] PHP   1. {main}() /work/public/mypage.php:0
[01-Dec-2022 23:09:44 Asia/Tokyo] PHP Warning:  foreach() argument must be of type array|object, null given in /work/public/mypage.php on line 155
[01-Dec-2022 23:09:44 Asia/Tokyo] PHP Stack trace:
[01-Dec-2022 23:09:44 Asia/Tokyo] PHP   1. {main}() /work/public/mypage.php:0
[01-Dec-2022 23:09:48 Asia/Tokyo] PHP Warning:  Undefined array key 13 in /work/public/mypage.php on line 153
[01-Dec-2022 23:09:48 Asia/Tokyo] PHP Stack trace:
[01-Dec-2022 23:09:48 Asia/Tokyo] PHP   1. {main}() /work/public/mypage.php:0
[01-Dec-2022 23:09:48 Asia/Tokyo] PHP Warning:  foreach() argument must be of type array|object, null given in /work/public/mypage.php on line 155
[01-Dec-2022 23:09:48 Asia/Tokyo] PHP Stack trace:
[01-Dec-2022 23:09:48 Asia/Tokyo] PHP   1. {main}() /work/public/mypage.php:0
[01-Dec-2022 23:11:00 Asia/Tokyo] PHP Warning:  Undefined array key 13 in /work/public/mypage.php on line 153
[01-Dec-2022 23:11:00 Asia/Tokyo] PHP Stack trace:
[01-Dec-2022 23:11:00 Asia/Tokyo] PHP   1. {main}() /work/public/mypage.php:0
[01-Dec-2022 23:11:00 Asia/Tokyo] PHP Warning:  foreach() argument must be of type array|object, null given in /work/public/mypage.php on line 155
[01-Dec-2022 23:11:00 Asia/Tokyo] PHP Stack trace:
[01-Dec-2022 23:11:00 Asia/Tokyo] PHP   1. {main}() /work/public/mypage.php:0
[01-Dec-2022 23:11:06 Asia/Tokyo] PHP Warning:  Undefined array key 13 in /work/public/mypage.php on line 153
[01-Dec-2022 23:11:06 Asia/Tokyo] PHP Stack trace:
[01-Dec-2022 23:11:06 Asia/Tokyo] PHP   1. {main}() /work/public/mypage.php:0
[01-Dec-2022 23:11:06 Asia/Tokyo] PHP Warning:  foreach() argument must be of type array|object, null given in /work/public/mypage.php on line 155
[01-Dec-2022 23:11:06 Asia/Tokyo] PHP Stack trace:
[01-Dec-2022 23:11:06 Asia/Tokyo] PHP   1. {main}() /work/public/mypage.php:0
[01-Dec-2022 23:11:29 Asia/Tokyo] PHP Warning:  Undefined array key 13 in /work/public/mypage.php on line 153
[01-Dec-2022 23:11:29 Asia/Tokyo] PHP Stack trace:
[01-Dec-2022 23:11:29 Asia/Tokyo] PHP   1. {main}() /work/public/mypage.php:0
[01-Dec-2022 23:11:29 Asia/Tokyo] PHP Warning:  foreach() argument must be of type array|object, null given in /work/public/mypage.php on line 155
[01-Dec-2022 23:11:29 Asia/Tokyo] PHP Stack trace:
[01-Dec-2022 23:11:29 Asia/Tokyo] PHP   1. {main}() /work/public/mypage.php:0
[01-Dec-2022 23:13:01 Asia/Tokyo] PHP Warning:  Undefined array key 13 in /work/public/mypage.php on line 153
[01-Dec-2022 23:13:01 Asia/Tokyo] PHP Stack trace:
[01-Dec-2022 23:13:01 Asia/Tokyo] PHP   1. {main}() /work/public/mypage.php:0
[01-Dec-2022 23:13:01 Asia/Tokyo] PHP Warning:  foreach() argument must be of type array|object, null given in /work/public/mypage.php on line 155
[01-Dec-2022 23:13:01 Asia/Tokyo] PHP Stack trace:
[01-Dec-2022 23:13:01 Asia/Tokyo] PHP   1. {main}() /work/public/mypage.php:0
[01-Dec-2022 23:14:27 Asia/Tokyo] PHP Warning:  Undefined array key 13 in /work/public/mypage.php on line 153
[01-Dec-2022 23:14:27 Asia/Tokyo] PHP Stack trace:
[01-Dec-2022 23:14:27 Asia/Tokyo] PHP   1. {main}() /work/public/mypage.php:0
[01-Dec-2022 23:14:27 Asia/Tokyo] PHP Warning:  foreach() argument must be of type array|object, null given in /work/public/mypage.php on line 155
[01-Dec-2022 23:14:27 Asia/Tokyo] PHP Stack trace:
[01-Dec-2022 23:14:27 Asia/Tokyo] PHP   1. {main}() /work/public/mypage.php:0
[01-Dec-2022 23:16:08 Asia/Tokyo] PHP Warning:  Undefined array key 13 in /work/public/mypage.php on line 153
[01-Dec-2022 23:16:08 Asia/Tokyo] PHP Stack trace:
[01-Dec-2022 23:16:08 Asia/Tokyo] PHP   1. {main}() /work/public/mypage.php:0
[01-Dec-2022 23:16:08 Asia/Tokyo] PHP Warning:  foreach() argument must be of type array|object, null given in /work/public/mypage.php on line 155
[01-Dec-2022 23:16:08 Asia/Tokyo] PHP Stack trace:
[01-Dec-2022 23:16:08 Asia/Tokyo] PHP   1. {main}() /work/public/mypage.php:0
[01-Dec-2022 23:20:46 Asia/Tokyo] PHP Warning:  Undefined array key 13 in /work/public/mypage.php on line 153
[01-Dec-2022 23:20:46 Asia/Tokyo] PHP Stack trace:
[01-Dec-2022 23:20:46 Asia/Tokyo] PHP   1. {main}() /work/public/mypage.php:0
[01-Dec-2022 23:20:46 Asia/Tokyo] PHP Warning:  foreach() argument must be of type array|object, null given in /work/public/mypage.php on line 155
[01-Dec-2022 23:20:46 Asia/Tokyo] PHP Stack trace:
[01-Dec-2022 23:20:46 Asia/Tokyo] PHP   1. {main}() /work/public/mypage.php:0
[01-Dec-2022 23:21:05 Asia/Tokyo] PHP Warning:  Undefined array key 13 in /work/public/mypage.php on line 153
[01-Dec-2022 23:21:05 Asia/Tokyo] PHP Stack trace:
[01-Dec-2022 23:21:05 Asia/Tokyo] PHP   1. {main}() /work/public/mypage.php:0
[01-Dec-2022 23:21:05 Asia/Tokyo] PHP Warning:  foreach() argument must be of type array|object, null given in /work/public/mypage.php on line 155
[01-Dec-2022 23:21:05 Asia/Tokyo] PHP Stack trace:
[01-Dec-2022 23:21:05 Asia/Tokyo] PHP   1. {main}() /work/public/mypage.php:0
[01-Dec-2022 23:28:12 Asia/Tokyo] PHP Warning:  Undefined array key 13 in /work/public/mypage.php on line 153
[01-Dec-2022 23:28:12 Asia/Tokyo] PHP Stack trace:
[01-Dec-2022 23:28:12 Asia/Tokyo] PHP   1. {main}() /work/public/mypage.php:0
[01-Dec-2022 23:28:12 Asia/Tokyo] PHP Warning:  foreach() argument must be of type array|object, null given in /work/public/mypage.php on line 155
[01-Dec-2022 23:28:12 Asia/Tokyo] PHP Stack trace:
[01-Dec-2022 23:28:12 Asia/Tokyo] PHP   1. {main}() /work/public/mypage.php:0
[01-Dec-2022 23:28:34 Asia/Tokyo] PHP Warning:  Undefined array key 13 in /work/public/mypage.php on line 153
[01-Dec-2022 23:28:34 Asia/Tokyo] PHP Stack trace:
[01-Dec-2022 23:28:34 Asia/Tokyo] PHP   1. {main}() /work/public/mypage.php:0
[01-Dec-2022 23:28:34 Asia/Tokyo] PHP Warning:  foreach() argument must be of type array|object, null given in /work/public/mypage.php on line 155
[01-Dec-2022 23:28:34 Asia/Tokyo] PHP Stack trace:
[01-Dec-2022 23:28:34 Asia/Tokyo] PHP   1. {main}() /work/public/mypage.php:0
[02-Dec-2022 01:31:42 Asia/Tokyo] PHP Warning:  Undefined array key 13 in /work/public/mypage.php on line 153
[02-Dec-2022 01:31:42 Asia/Tokyo] PHP Stack trace:
[02-Dec-2022 01:31:42 Asia/Tokyo] PHP   1. {main}() /work/public/mypage.php:0
[02-Dec-2022 01:31:42 Asia/Tokyo] PHP Warning:  foreach() argument must be of type array|object, null given in /work/public/mypage.php on line 155
[02-Dec-2022 01:31:42 Asia/Tokyo] PHP Stack trace:
[02-Dec-2022 01:31:42 Asia/Tokyo] PHP   1. {main}() /work/public/mypage.php:0
[02-Dec-2022 01:39:58 Asia/Tokyo] PHP Warning:  Undefined array key 13 in /work/public/mypage.php on line 153
[02-Dec-2022 01:39:58 Asia/Tokyo] PHP Stack trace:
[02-Dec-2022 01:39:58 Asia/Tokyo] PHP   1. {main}() /work/public/mypage.php:0
[02-Dec-2022 01:39:58 Asia/Tokyo] PHP Warning:  foreach() argument must be of type array|object, null given in /work/public/mypage.php on line 155
[02-Dec-2022 01:39:58 Asia/Tokyo] PHP Stack trace:
[02-Dec-2022 01:39:58 Asia/Tokyo] PHP   1. {main}() /work/public/mypage.php:0
[02-Dec-2022 18:58:34 Asia/Tokyo] PHP Warning:  Undefined array key 13 in /work/public/mypage.php on line 153
[02-Dec-2022 18:58:34 Asia/Tokyo] PHP Stack trace:
[02-Dec-2022 18:58:34 Asia/Tokyo] PHP   1. {main}() /work/public/mypage.php:0
[02-Dec-2022 18:58:34 Asia/Tokyo] PHP Warning:  foreach() argument must be of type array|object, null given in /work/public/mypage.php on line 155
[02-Dec-2022 18:58:34 Asia/Tokyo] PHP Stack trace:
[02-Dec-2022 18:58:34 Asia/Tokyo] PHP   1. {main}() /work/public/mypage.php:0
[05-Dec-2022 20:05:27 Asia/Tokyo] PHP Warning:  Undefined array key "login_user" in /work/app/config.php on line 17
[05-Dec-2022 20:05:27 Asia/Tokyo] PHP Stack trace:
[05-Dec-2022 20:05:27 Asia/Tokyo] PHP   1. {main}() /work/public/mypage.php:0
[05-Dec-2022 20:05:27 Asia/Tokyo] PHP   2. require_once() /work/public/mypage.php:3
[05-Dec-2022 20:05:27 Asia/Tokyo] PHP Warning:  Trying to access array offset on value of type null in /work/app/config.php on line 18
[05-Dec-2022 20:05:27 Asia/Tokyo] PHP Stack trace:
[05-Dec-2022 20:05:27 Asia/Tokyo] PHP   1. {main}() /work/public/mypage.php:0
[05-Dec-2022 20:05:27 Asia/Tokyo] PHP   2. require_once() /work/public/mypage.php:3
[05-Dec-2022 20:05:27 Asia/Tokyo] PHP Warning:  Undefined array key "login_user" in /work/app/config.php on line 17
[05-Dec-2022 20:05:27 Asia/Tokyo] PHP Stack trace:
[05-Dec-2022 20:05:27 Asia/Tokyo] PHP   1. {main}() /work/public/login_form.php:0
[05-Dec-2022 20:05:27 Asia/Tokyo] PHP   2. require_once() /work/public/login_form.php:3
[05-Dec-2022 20:05:27 Asia/Tokyo] PHP Warning:  Trying to access array offset on value of type null in /work/app/config.php on line 18
[05-Dec-2022 20:05:27 Asia/Tokyo] PHP Stack trace:
[05-Dec-2022 20:05:27 Asia/Tokyo] PHP   1. {main}() /work/public/login_form.php:0
[05-Dec-2022 20:05:27 Asia/Tokyo] PHP   2. require_once() /work/public/login_form.php:3
[05-Dec-2022 20:05:35 Asia/Tokyo] PHP Warning:  Undefined array key "login_user" in /work/app/config.php on line 17
[05-Dec-2022 20:05:35 Asia/Tokyo] PHP Stack trace:
[05-Dec-2022 20:05:35 Asia/Tokyo] PHP   1. {main}() /work/public/login.php:0
[05-Dec-2022 20:05:35 Asia/Tokyo] PHP   2. require_once() /work/public/login.php:2
[05-Dec-2022 20:05:35 Asia/Tokyo] PHP Warning:  Trying to access array offset on value of type null in /work/app/config.php on line 18
[05-Dec-2022 20:05:35 Asia/Tokyo] PHP Stack trace:
[05-Dec-2022 20:05:35 Asia/Tokyo] PHP   1. {main}() /work/public/login.php:0
[05-Dec-2022 20:05:35 Asia/Tokyo] PHP   2. require_once() /work/public/login.php:2
